<?xml version="1.0" encoding="UTF-8"?>
<testsuite xmlns:xsi="http://www.w3.org/2001/XMLSchema-instance" xsi:noNamespaceSchemaLocation="https://maven.apache.org/surefire/maven-surefire-plugin/xsd/surefire-test-report.xsd" version="3.0.2" name="com.fpoly.Lab6Store1ApplicationTests" time="20.262" tests="1" errors="0" skipped="0" failures="0">
  <properties>
[...]
</properties>
  <testcase name="contextLoads" classname="com.fpoly.Lab6Store1ApplicationTests" time="0.892">
    <system-out><![CDATA[09:20:10.377 [main] INFO org.springframework.test.context.support.AnnotationConfigContextLoaderUtils -- Could not detect default configuration classes for test class [com.fpoly.Lab6Store1ApplicationTests]: Lab6Store1ApplicationTests does not declare any static, non-private, non-final, nested classes annotated with @Configuration.
09:20:10.641 [main] INFO org.springframework.boot.test.context.SpringBootTestContextBootstrapper -- Found @SpringBootConfiguration com.fpoly.Lab6Store1Application for test class com.fpoly.Lab6Store1ApplicationTests
09:20:11.149 [main] INFO org.springframework.boot.devtools.restart.RestartApplicationListener -- Restart disabled due to context in which it is running

  .   ____          _            __ _ _
 /\\ / ___'_ __ _ _(_)_ __  __ _ \ \ \ \
( ( )\___ | '_ | '_| | '_ \/ _` | \ \ \ \
 \\/  ___)| |_)| | | | | || (_| |  ) ) ) )
  '  |____| .__|_| |_|_| |_\__, | / / / /
 =========|_|==============|___/=/_/_/_/

 :: Spring Boot ::                (v3.4.4)

2025-04-03T09:20:12.117+07:00  INFO 24096 --- [Lab6Store-1] [           main] com.fpoly.Lab6Store1ApplicationTests     : Starting Lab6Store1ApplicationTests using Java 17.0.12 with PID 24096 (started by ADMIN in C:\Users\ADMIN\Documents\workspace-spring-tool-suite-4-4.27.0.RELEASE\Lab6Store-1)
2025-04-03T09:20:12.119+07:00  INFO 24096 --- [Lab6Store-1] [           main] com.fpoly.Lab6Store1ApplicationTests     : No active profile set, falling back to 1 default profile: "default"
2025-04-03T09:20:14.286+07:00  INFO 24096 --- [Lab6Store-1] [           main] o.s.b.f.s.DefaultListableBeanFactory     : Overriding bean definition for bean 'passwordEncoder' with a different definition: replacing [Root bean: class=null; scope=; abstract=false; lazyInit=null; autowireMode=3; dependencyCheck=0; autowireCandidate=true; primary=false; fallback=false; factoryBeanName=securityBeansConfig; factoryMethodName=passwordEncoder; initMethodNames=null; destroyMethodNames=[(inferred)]; defined in class path resource [com/fpoly/config/SecurityBeansConfig.class]] with [Root bean: class=null; scope=; abstract=false; lazyInit=null; autowireMode=3; dependencyCheck=0; autowireCandidate=true; primary=false; fallback=false; factoryBeanName=securityConfig; factoryMethodName=passwordEncoder; initMethodNames=null; destroyMethodNames=[(inferred)]; defined in class path resource [com/fpoly/config/SecurityConfig.class]]
2025-04-03T09:20:14.830+07:00  INFO 24096 --- [Lab6Store-1] [           main] .s.d.r.c.RepositoryConfigurationDelegate : Multiple Spring Data modules found, entering strict repository configuration mode
2025-04-03T09:20:14.832+07:00  INFO 24096 --- [Lab6Store-1] [           main] .s.d.r.c.RepositoryConfigurationDelegate : Bootstrapping Spring Data JDBC repositories in DEFAULT mode.
2025-04-03T09:20:15.016+07:00  INFO 24096 --- [Lab6Store-1] [           main] .RepositoryConfigurationExtensionSupport : Spring Data JDBC - Could not safely identify store assignment for repository candidate interface com.fpoly.dao.AccountDAO; If you want this repository to be a JDBC repository, consider annotating your entities with one of these annotations: org.springframework.data.relational.core.mapping.Table.
2025-04-03T09:20:15.022+07:00  INFO 24096 --- [Lab6Store-1] [           main] .RepositoryConfigurationExtensionSupport : Spring Data JDBC - Could not safely identify store assignment for repository candidate interface com.fpoly.dao.AuthorityDAO; If you want this repository to be a JDBC repository, consider annotating your entities with one of these annotations: org.springframework.data.relational.core.mapping.Table.
2025-04-03T09:20:15.025+07:00  INFO 24096 --- [Lab6Store-1] [           main] .RepositoryConfigurationExtensionSupport : Spring Data JDBC - Could not safely identify store assignment for repository candidate interface com.fpoly.dao.CategoryDAO; If you want this repository to be a JDBC repository, consider annotating your entities with one of these annotations: org.springframework.data.relational.core.mapping.Table.
2025-04-03T09:20:15.029+07:00  INFO 24096 --- [Lab6Store-1] [           main] .RepositoryConfigurationExtensionSupport : Spring Data JDBC - Could not safely identify store assignment for repository candidate interface com.fpoly.dao.OrderDAO; If you want this repository to be a JDBC repository, consider annotating your entities with one of these annotations: org.springframework.data.relational.core.mapping.Table.
2025-04-03T09:20:15.032+07:00  INFO 24096 --- [Lab6Store-1] [           main] .RepositoryConfigurationExtensionSupport : Spring Data JDBC - Could not safely identify store assignment for repository candidate interface com.fpoly.dao.OrderDetailDAO; If you want this repository to be a JDBC repository, consider annotating your entities with one of these annotations: org.springframework.data.relational.core.mapping.Table.
2025-04-03T09:20:15.036+07:00  INFO 24096 --- [Lab6Store-1] [           main] .RepositoryConfigurationExtensionSupport : Spring Data JDBC - Could not safely identify store assignment for repository candidate interface com.fpoly.dao.ProductDAO; If you want this repository to be a JDBC repository, consider annotating your entities with one of these annotations: org.springframework.data.relational.core.mapping.Table.
2025-04-03T09:20:15.040+07:00  INFO 24096 --- [Lab6Store-1] [           main] .RepositoryConfigurationExtensionSupport : Spring Data JDBC - Could not safely identify store assignment for repository candidate interface com.fpoly.dao.RoleDAO; If you want this repository to be a JDBC repository, consider annotating your entities with one of these annotations: org.springframework.data.relational.core.mapping.Table.
2025-04-03T09:20:15.041+07:00  INFO 24096 --- [Lab6Store-1] [           main] .s.d.r.c.RepositoryConfigurationDelegate : Finished Spring Data repository scanning in 151 ms. Found 0 JDBC repository interfaces.
2025-04-03T09:20:15.063+07:00  INFO 24096 --- [Lab6Store-1] [           main] .s.d.r.c.RepositoryConfigurationDelegate : Multiple Spring Data modules found, entering strict repository configuration mode
2025-04-03T09:20:15.066+07:00  INFO 24096 --- [Lab6Store-1] [           main] .s.d.r.c.RepositoryConfigurationDelegate : Bootstrapping Spring Data JPA repositories in DEFAULT mode.
2025-04-03T09:20:15.162+07:00  INFO 24096 --- [Lab6Store-1] [           main] .s.d.r.c.RepositoryConfigurationDelegate : Finished Spring Data repository scanning in 89 ms. Found 7 JPA repository interfaces.
2025-04-03T09:20:16.778+07:00  INFO 24096 --- [Lab6Store-1] [           main] o.hibernate.jpa.internal.util.LogHelper  : HHH000204: Processing PersistenceUnitInfo [name: default]
2025-04-03T09:20:16.965+07:00  INFO 24096 --- [Lab6Store-1] [           main] org.hibernate.Version                    : HHH000412: Hibernate ORM core version 6.6.11.Final
2025-04-03T09:20:17.068+07:00  INFO 24096 --- [Lab6Store-1] [           main] o.h.c.internal.RegionFactoryInitiator    : HHH000026: Second-level cache disabled
2025-04-03T09:20:17.987+07:00  INFO 24096 --- [Lab6Store-1] [           main] o.s.o.j.p.SpringPersistenceUnitInfo      : No LoadTimeWeaver setup: ignoring JPA class transformer
2025-04-03T09:20:18.079+07:00  INFO 24096 --- [Lab6Store-1] [           main] com.zaxxer.hikari.HikariDataSource       : HikariPool-1 - Starting...
2025-04-03T09:20:18.992+07:00  INFO 24096 --- [Lab6Store-1] [           main] com.zaxxer.hikari.pool.HikariPool        : HikariPool-1 - Added connection ConnectionID:1 ClientConnectionId: 0f34702d-2c9f-474d-a18b-4921b107b879
2025-04-03T09:20:18.995+07:00  INFO 24096 --- [Lab6Store-1] [           main] com.zaxxer.hikari.HikariDataSource       : HikariPool-1 - Start completed.
2025-04-03T09:20:19.838+07:00  INFO 24096 --- [Lab6Store-1] [           main] org.hibernate.orm.connections.pooling    : HHH10001005: Database info:
	Database JDBC URL [Connecting through datasource 'HikariDataSource (HikariPool-1)']
	Database driver: undefined/unknown
	Database version: 14.0
	Autocommit mode: undefined/unknown
	Isolation level: undefined/unknown
	Minimum pool size: undefined/unknown
	Maximum pool size: undefined/unknown
2025-04-03T09:20:22.415+07:00  INFO 24096 --- [Lab6Store-1] [           main] o.h.e.t.j.p.i.JtaPlatformInitiator       : HHH000489: No JTA platform available (set 'hibernate.transaction.jta.platform' to enable JTA platform integration)
2025-04-03T09:20:22.418+07:00  INFO 24096 --- [Lab6Store-1] [           main] j.LocalContainerEntityManagerFactoryBean : Initialized JPA EntityManagerFactory for persistence unit 'default'
2025-04-03T09:20:23.836+07:00  INFO 24096 --- [Lab6Store-1] [           main] o.s.d.j.r.query.QueryEnhancerFactory     : Hibernate is in classpath; If applicable, HQL parser will be used.
2025-04-03T09:20:26.142+07:00  WARN 24096 --- [Lab6Store-1] [           main] JpaBaseConfiguration$JpaWebConfiguration : spring.jpa.open-in-view is enabled by default. Therefore, database queries may be performed during view rendering. Explicitly configure spring.jpa.open-in-view to disable this warning
2025-04-03T09:20:26.281+07:00  INFO 24096 --- [Lab6Store-1] [           main] eAuthenticationProviderManagerConfigurer : Global AuthenticationManager configured with AuthenticationProvider bean with name authenticationProvider
2025-04-03T09:20:26.282+07:00  WARN 24096 --- [Lab6Store-1] [           main] r$InitializeUserDetailsManagerConfigurer : Global AuthenticationManager configured with an AuthenticationProvider bean. UserDetailsService beans will not be used by Spring Security for automatically configuring username/password login. Consider removing the AuthenticationProvider bean. Alternatively, consider using the UserDetailsService in a manually instantiated DaoAuthenticationProvider. If the current configuration is intentional, to turn off this warning, increase the logging level of 'org.springframework.security.config.annotation.authentication.configuration.InitializeUserDetailsBeanManagerConfigurer' to ERROR
2025-04-03T09:20:27.285+07:00  WARN 24096 --- [Lab6Store-1] [           main] o.s.s.c.a.web.builders.WebSecurity       : You are asking Spring Security to ignore Deferred [Mvc [pattern='/static/**'], Ant [pattern='/static/**']]. This is not recommended -- please use permitAll via HttpSecurity#authorizeHttpRequests instead.
2025-04-03T09:20:28.820+07:00  WARN 24096 --- [Lab6Store-1] [           main] o.s.data.convert.CustomConversions       : Registering converter from class microsoft.sql.DateTimeOffset to class java.time.OffsetDateTime as reading converter although it doesn't convert from a store-supported type; You might want to check your annotation setup at the converter implementation
2025-04-03T09:20:28.821+07:00  WARN 24096 --- [Lab6Store-1] [           main] o.s.data.convert.CustomConversions       : Registering converter from class microsoft.sql.DateTimeOffset to class java.time.Instant as reading converter although it doesn't convert from a store-supported type; You might want to check your annotation setup at the converter implementation
2025-04-03T09:20:29.241+07:00  INFO 24096 --- [Lab6Store-1] [           main] com.fpoly.Lab6Store1ApplicationTests     : Started Lab6Store1ApplicationTests in 18.136 seconds (process running for 20.685)
]]></system-out>
  </testcase>
</testsuite>